<?xml version="1.0" encoding="UTF-8"?>
<testsuite name="Compras en pagina de pruebas" tests="2" skipped="0" failures="1" errors="0" timestamp="2023-03-22T02:59:02" hostname="DESKTOP-4V0UC4E" time="50.13">
  <properties/>
  <testcase name="Registro de clientes" classname="Compras en pagina de pruebas" time="31.068"/>
  <testcase name="Iniciar sesion" classname="Compras en pagina de pruebas" time="19.062">
    <failure message="java.lang.AssertionError: no such window: target window already closed&#10;from unknown error: web view not found&#10;  (Session info: chrome=111.0.5563.65)&#10;Build info: version: '3.141.59', revision: 'e82be7d358', time: '2018-11-14T08:17:03'&#10;System info: host: 'DESKTOP-4V0UC4E', ip: '192.168.1.1', os.name: 'Windows 11', os.arch: 'amd64', os.version: '10.0', java.version: '11.0.18'&#10;Driver info: org.openqa.selenium.chrome.ChromeDriver&#10;Capabilities {acceptInsecureCerts: false, browserName: chrome, browserVersion: 111.0.5563.65, chrome: {chromedriverVersion: 111.0.5563.64 (c710e93d5b63..., userDataDir: C:\Users\YOLIMA~1\AppData\L...}, goog:chromeOptions: {debuggerAddress: localhost:65352}, javascriptEnabled: true, networkConnectionEnabled: false, pageLoadStrategy: normal, platform: WINDOWS, platformName: WINDOWS, proxy: Proxy(), setWindowRect: true, strictFileInteractability: false, timeouts: {implicit: 0, pageLoad: 300000, script: 30000}, unhandledPromptBehavior: ignore, webauthn:extension:credBlob: true, webauthn:extension:largeBlob: true, webauthn:extension:minPinLength: true, webauthn:extension:prf: true, webauthn:virtualAuthenticators: true}&#10;Session ID: 3f6e8f9c0a1d22b78f8c391bd5c18e2a&#10;*** Element info: {Using=xpath, value=//*[@id=&quot;header&quot;]/div/div/div/div[2]/div/ul/li[10]/a}" type="java.lang.AssertionError">java.lang.AssertionError: no such window: target window already closed
from unknown error: web view not found
  (Session info: chrome=111.0.5563.65)
Build info: version: '3.141.59', revision: 'e82be7d358', time: '2018-11-14T08:17:03'
System info: host: 'DESKTOP-4V0UC4E', ip: '192.168.1.1', os.name: 'Windows 11', os.arch: 'amd64', os.version: '10.0', java.version: '11.0.18'
Driver info: org.openqa.selenium.chrome.ChromeDriver
Capabilities {acceptInsecureCerts: false, browserName: chrome, browserVersion: 111.0.5563.65, chrome: {chromedriverVersion: 111.0.5563.64 (c710e93d5b63..., userDataDir: C:\Users\YOLIMA~1\AppData\L...}, goog:chromeOptions: {debuggerAddress: localhost:65352}, javascriptEnabled: true, networkConnectionEnabled: false, pageLoadStrategy: normal, platform: WINDOWS, platformName: WINDOWS, proxy: Proxy(), setWindowRect: true, strictFileInteractability: false, timeouts: {implicit: 0, pageLoad: 300000, script: 30000}, unhandledPromptBehavior: ignore, webauthn:extension:credBlob: true, webauthn:extension:largeBlob: true, webauthn:extension:minPinLength: true, webauthn:extension:prf: true, webauthn:virtualAuthenticators: true}
Session ID: 3f6e8f9c0a1d22b78f8c391bd5c18e2a
*** Element info: {Using=xpath, value=//*[@id=&quot;header&quot;]/div/div/div/div[2]/div/ul/li[10]/a}
	at net.serenitybdd.screenplay.ErrorTally.throwSummaryExceptionFrom(ErrorTally.java:36)
	at net.serenitybdd.screenplay.ErrorTally.reportAnyErrors(ErrorTally.java:30)
	at net.serenitybdd.screenplay.Actor.should(Actor.java:316)
	at com.sofkau.stepdefinitions.RegistroInicioSesionStepDefinitions.elUsuarioDebeVerSuNombreEnLaPaginaPrincipal(RegistroInicioSesionStepDefinitions.java:88)
	at ✽.el usuario debe ver su nombre en la pagina principal(file:///D:/10.%20SOFKAU/2.%20Programación/C1-2023-QA-Auto-DemoScreenPlay/ScreenPlayEjemploEs/src/test/resources/features/registrarse.feature:22)
</failure>
  </testcase>
  <system-out><![CDATA[]]></system-out>
  <system-err><![CDATA[Starting ChromeDriver 111.0.5563.64 (c710e93d5b63b7095afe8c2c17df34408078439d-refs/branch-heads/5563@{#995}) on port 18108
Only local connections are allowed.
Please see https://chromedriver.chromium.org/security-considerations for suggestions on keeping ChromeDriver safe.
ChromeDriver was started successfully.
mar. 21, 2023 9:59:04 P. M. org.openqa.selenium.remote.ProtocolHandshake createSession
INFO: Detected dialect: W3C
mar. 21, 2023 9:59:04 P. M. org.openqa.selenium.remote.DesiredCapabilities chrome
INFO: Using `new ChromeOptions()` is preferred to `DesiredCapabilities.chrome()`
Starting ChromeDriver 111.0.5563.64 (c710e93d5b63b7095afe8c2c17df34408078439d-refs/branch-heads/5563@{#995}) on port 20350
Only local connections are allowed.
Please see https://chromedriver.chromium.org/security-considerations for suggestions on keeping ChromeDriver safe.
ChromeDriver was started successfully.
mar. 21, 2023 9:59:08 P. M. org.openqa.selenium.remote.ProtocolHandshake createSession
INFO: Detected dialect: W3C
Starting ChromeDriver 111.0.5563.64 (c710e93d5b63b7095afe8c2c17df34408078439d-refs/branch-heads/5563@{#995}) on port 39609
Only local connections are allowed.
Please see https://chromedriver.chromium.org/security-considerations for suggestions on keeping ChromeDriver safe.
ChromeDriver was started successfully.
mar. 21, 2023 9:59:34 P. M. org.openqa.selenium.remote.ProtocolHandshake createSession
INFO: Detected dialect: W3C
mar. 21, 2023 9:59:34 P. M. org.openqa.selenium.remote.DesiredCapabilities chrome
INFO: Using `new ChromeOptions()` is preferred to `DesiredCapabilities.chrome()`
Starting ChromeDriver 111.0.5563.64 (c710e93d5b63b7095afe8c2c17df34408078439d-refs/branch-heads/5563@{#995}) on port 13258
Only local connections are allowed.
Please see https://chromedriver.chromium.org/security-considerations for suggestions on keeping ChromeDriver safe.
ChromeDriver was started successfully.
mar. 21, 2023 9:59:36 P. M. org.openqa.selenium.remote.ProtocolHandshake createSession
INFO: Detected dialect: W3C
]]></system-err>
</testsuite>
